<?xml version="1.0" encoding="UTF-8"?>
<!-- Generated by org.testng.reporters.JUnitReportReporter -->
<testsuite hostname="LAPTOP-BG1H6HQE" failures="0" tests="3" name="TestNGFramework.StandardTest1" time="0.014" errors="0" timestamp="16 Jun 2020 15:59:22 GMT" skipped="0">
  <testcase classname="TestNGFramework.StandardTest1" name="Test3" time="0.001"/>
  <testcase classname="TestNGFramework.StandardTest1" name="Test2" time="0.002"/>
  <testcase classname="TestNGFramework.StandardTest1" name="Test1" time="0.011"/>
</testsuite> <!-- TestNGFramework.StandardTest1 -->
