<?xml version="1.0" encoding="UTF-8"?>
<!-- Generated by org.testng.reporters.JUnitReportReporter -->
<testsuite hostname="LAPTOP-BG1H6HQE" failures="0" tests="3" name="TestNGFramework.StandardTest2" time="0.007" errors="0" timestamp="16 Jun 2020 15:59:22 GMT" skipped="0">
  <testcase classname="TestNGFramework.StandardTest2" name="Test4" time="0.002"/>
  <testcase classname="TestNGFramework.StandardTest2" name="Test5" time="0.003"/>
  <testcase classname="TestNGFramework.StandardTest2" name="Test6" time="0.002"/>
</testsuite> <!-- TestNGFramework.StandardTest2 -->
