<?xml version="1.0" encoding="UTF-8"?>
<!-- Generated by org.testng.reporters.JUnitReportReporter -->
<testsuite hostname="LAPTOP-BG1H6HQE" failures="0" tests="1" name="cucumberoptions.TestRunner" time="14.412" errors="0" timestamp="18 Jun 2020 02:34:35 GMT" skipped="0">
  <testcase classname="cucumberoptions.TestRunner" name="feature" time="14.412"/>
</testsuite> <!-- cucumberoptions.TestRunner -->
